1534006726242	geckodriver	INFO	geckodriver 0.21.0
1534006726309	geckodriver	INFO	Listening on 127.0.0.1:59005
1534006729295	mozrunner::runner	INFO	Running command: "D:\\Program Files (x86)\\Mozilla Firefox\\firefox.exe" "-marionette" "-headless" "-foreground" "-no-remote" "-profile" "C:\\Users\\ADMINI~1\\AppData\\Local\\Temp\\rust_mozprofile.mxYBG7dO7iA7"
*** You are running in headless mode.
1534006732872	Marionette	INFO	Listening on port 59013
1534006733557	Marionette	WARN	TLS certificate errors will be ignored for this session
Unable to read VR Path Registry from C:\Users\Administrator\AppData\Local\openvr\openvrpaths.vrpath
JavaScript error: https://ss1.bdstatic.com/5eN1bjq8AAUYm2zgoY3K/r/www/cache/static/protocol/https/plugins/every_cookie_4644b13.js, line 4: ReferenceError: c is not defined
1534006769364	geckodriver	INFO	geckodriver 0.21.0
1534006769377	geckodriver	INFO	Listening on 127.0.0.1:59046
1534006772419	mozrunner::runner	INFO	Running command: "D:\\Program Files (x86)\\Mozilla Firefox\\firefox.exe" "-marionette" "-foreground" "-no-remote" "-profile" "C:\\Users\\ADMINI~1\\AppData\\Local\\Temp\\rust_mozprofile.JvapCYXJwtYM"
1534006772981	addons.manager	DEBUG	Application has been upgraded
1534006772996	addons.manager	DEBUG	Loaded provider scope for resource://gre/modules/addons/XPIProvider.jsm: ["XPIProvider", "XPIInternal"]
1534006773000	addons.manager	DEBUG	Loaded provider scope for resource://gre/modules/LightweightThemeManager.jsm: ["LightweightThemeManager"]
1534006773021	addons.manager	DEBUG	Loaded provider scope for resource://gre/modules/addons/GMPProvider.jsm
1534006773023	addons.manager	DEBUG	Loaded provider scope for resource://gre/modules/addons/PluginProvider.jsm
1534006773024	addons.manager	DEBUG	Starting provider: XPIProvider
1534006773024	addons.xpi	DEBUG	startup
1534006773025	addons.xpi	INFO	SystemAddonInstallLocation directory is missing
1534006773038	addons.xpi	INFO	Removing all system add-on upgrades.
1534006773039	addons.xpi	DEBUG	checkForChanges
1534006773039	addons.xpi	DEBUG	Loaded add-on state: ${}
1534006773041	addons.xpi	DEBUG	New add-on activity-stream@mozilla.org in app-system-defaults
1534006773042	addons.xpi	DEBUG	New add-on aushelper@mozilla.org in app-system-defaults
1534006773042	addons.xpi	DEBUG	New add-on firefox@getpocket.com in app-system-defaults
1534006773043	addons.xpi	DEBUG	New add-on formautofill@mozilla.org in app-system-defaults
1534006773043	addons.xpi	DEBUG	New add-on onboarding@mozilla.org in app-system-defaults
1534006773044	addons.xpi	DEBUG	New add-on screenshots@mozilla.org in app-system-defaults
1534006773044	addons.xpi	DEBUG	New add-on webcompat-reporter@mozilla.org in app-system-defaults
1534006773045	addons.xpi	DEBUG	New add-on webcompat@mozilla.org in app-system-defaults
1534006773045	addons.xpi	DEBUG	getInstallState changed: true, state: {}
1534006773055	addons.xpi-utils	DEBUG	Opening XPI database C:\Users\Administrator\AppData\Local\Temp\rust_mozprofile.JvapCYXJwtYM\extensions.json
1534006773056	addons.xpi-utils	DEBUG	New add-on activity-stream@mozilla.org installed in app-system-defaults
*** Blocklist::_preloadBlocklistFile: blocklist is disabled
1534006773085	addons.xpi-utils	DEBUG	New add-on aushelper@mozilla.org installed in app-system-defaults
1534006773089	addons.xpi-utils	DEBUG	New add-on firefox@getpocket.com installed in app-system-defaults
1534006773094	addons.xpi-utils	DEBUG	New add-on formautofill@mozilla.org installed in app-system-defaults
1534006773099	addons.xpi-utils	DEBUG	New add-on onboarding@mozilla.org installed in app-system-defaults
1534006773103	addons.xpi-utils	DEBUG	New add-on screenshots@mozilla.org installed in app-system-defaults
1534006773112	addons.xpi-utils	DEBUG	New add-on webcompat-reporter@mozilla.org installed in app-system-defaults
1534006773115	addons.xpi-utils	DEBUG	New add-on webcompat@mozilla.org installed in app-system-defaults
1534006773182	addons.xpi-utils	DEBUG	XPI Database saved, setting schema version preference to 26
1534006773315	addons.manager	DEBUG	Registering startup change 'installed' for activity-stream@mozilla.org
1534006773322	addons.xpi	DEBUG	Loading bootstrap scope from D:\Program Files (x86)\Mozilla Firefox\browser\features\activity-stream@mozilla.org.xpi
1534006773324	addons.xpi	DEBUG	Calling bootstrap method install on activity-stream@mozilla.org version 2018.06.29.1026-fa231556
1534006773324	addons.xpi-utils	DEBUG	Make addon app-system-defaults:activity-stream@mozilla.org visible
1534006773325	addons.xpi	DEBUG	Updating XPIState for {"id":"activity-stream@mozilla.org","syncGUID":"{f817f18c-5d29-4210-9504-acd12584534e}","location":"app-system-defaults","version":"2018.06.29.1026-fa231556","type":"extension","updateURL":null,"optionsURL":null,"optionsType":null,"aboutURL":null,"defaultLocale":{"name":"Activity Stream","description":"A rich visual history feed and a reimagined home page make it easier than ever to find exactly what you're looking for in Firefox.","creator":null,"homepageURL":null},"visible":true,"active":false,"userDisabled":false,"appDisabled":false,"installDate":1533670699507,"updateDate":1533670699507,"applyBackgroundUpdates":1,"bootstrap":true,"path":"D:\\Program Files (x86)\\Mozilla Firefox\\browser\\features\\activity-stream@mozilla.org.xpi","skinnable":false,"size":2732420,"sourceURI":null,"releaseNotesURI":null,"softDisabled":false,"foreignInstall":false,"strictCompatibility":false,"locales":[],"targetApplications":[{"id":"{ec8030f7-c20a-464f-9b0e-13a3a9e97384}","minVersion":"61.0.2","maxVersion":"61.*"}],"targetPlatforms":[],"seen":true,"dependencies":[],"hasEmbeddedWebExtension":false,"userPermissions":null,"icons":{},"iconURL":null,"icon64URL":null,"blocklistState":0,"blocklistURL":null,"startupData":null}
1534006773326	addons.manager	DEBUG	Registering startup change 'installed' for aushelper@mozilla.org
1534006773326	addons.xpi	DEBUG	Loading bootstrap scope from D:\Program Files (x86)\Mozilla Firefox\browser\features\aushelper@mozilla.org.xpi
1534006773328	addons.xpi	DEBUG	Calling bootstrap method install on aushelper@mozilla.org version 2.0
1534006773329	addons.xpi-utils	DEBUG	Make addon app-system-defaults:aushelper@mozilla.org visible
1534006773329	addons.xpi	DEBUG	Updating XPIState for {"id":"aushelper@mozilla.org","syncGUID":"{6e32dcee-2129-495a-911f-2e673bdcdcb3}","location":"app-system-defaults","version":"2.0","type":"extension","updateURL":null,"optionsURL":null,"optionsType":null,"aboutURL":null,"defaultLocale":{"name":"Application Update Service Helper","description":"Sets value(s) in the update url based on custom checks.","creator":null,"homepageURL":null},"visible":true,"active":false,"userDisabled":false,"appDisabled":false,"installDate":1533670699508,"updateDate":1533670699508,"applyBackgroundUpdates":1,"bootstrap":true,"path":"D:\\Program Files (x86)\\Mozilla Firefox\\browser\\features\\aushelper@mozilla.org.xpi","skinnable":false,"size":8425,"sourceURI":null,"releaseNotesURI":null,"softDisabled":false,"foreignInstall":false,"strictCompatibility":false,"locales":[],"targetApplications":[{"id":"{ec8030f7-c20a-464f-9b0e-13a3a9e97384}","minVersion":"61.0.2","maxVersion":"61.*"}],"targetPlatforms":[],"seen":true,"dependencies":[],"hasEmbeddedWebExtension":false,"userPermissions":null,"icons":{},"iconURL":null,"icon64URL":null,"blocklistState":0,"blocklistURL":null,"startupData":null}
1534006773329	addons.manager	DEBUG	Registering startup change 'installed' for firefox@getpocket.com
1534006773330	addons.xpi	DEBUG	Loading bootstrap scope from D:\Program Files (x86)\Mozilla Firefox\browser\features\firefox@getpocket.com.xpi
1534006773334	addons.xpi	DEBUG	Calling bootstrap method install on firefox@getpocket.com version 1.0.5
1534006773335	addons.xpi-utils	DEBUG	Make addon app-system-defaults:firefox@getpocket.com visible
1534006773335	addons.xpi	DEBUG	Updating XPIState for {"id":"firefox@getpocket.com","syncGUID":"{f6d3047d-667c-494d-8bcf-caeef3f2233a}","location":"app-system-defaults","version":"1.0.5","type":"extension","updateURL":null,"optionsURL":null,"optionsType":null,"aboutURL":null,"defaultLocale":{"name":"Pocket","description":"When you find something you want to view later, put it in Pocket.","creator":null,"homepageURL":null},"visible":true,"active":false,"userDisabled":false,"appDisabled":false,"installDate":1533670699511,"updateDate":1533670699511,"applyBackgroundUpdates":1,"bootstrap":true,"path":"D:\\Program Files (x86)\\Mozilla Firefox\\browser\\features\\firefox@getpocket.com.xpi","skinnable":false,"size":855890,"sourceURI":null,"releaseNotesURI":null,"softDisabled":false,"foreignInstall":false,"strictCompatibility":false,"locales":[],"targetApplications":[{"id":"{ec8030f7-c20a-464f-9b0e-13a3a9e97384}","minVersion":"61.0.2","maxVersion":"61.*"}],"targetPlatforms":[],"seen":true,"dependencies":[],"hasEmbeddedWebExtension":false,"userPermissions":null,"icons":{},"iconURL":null,"icon64URL":null,"blocklistState":0,"blocklistURL":null,"startupData":null}
1534006773336	addons.manager	DEBUG	Registering startup change 'installed' for formautofill@mozilla.org
1534006773336	addons.xpi	DEBUG	Loading bootstrap scope from D:\Program Files (x86)\Mozilla Firefox\browser\features\formautofill@mozilla.org.xpi
1534006773338	addons.xpi	DEBUG	Calling bootstrap method install on formautofill@mozilla.org version 1.0
1534006773338	addons.xpi-utils	DEBUG	Make addon app-system-defaults:formautofill@mozilla.org visible
1534006773338	addons.xpi	DEBUG	Updating XPIState for {"id":"formautofill@mozilla.org","syncGUID":"{bc806137-cfb8-452d-8fb8-c2f12ac3ef99}","location":"app-system-defaults","version":"1.0","type":"extension","updateURL":null,"optionsURL":null,"optionsType":null,"aboutURL":null,"defaultLocale":{"name":"Form Autofill","description":"Autofill forms with saved profiles","creator":null,"homepageURL":null},"visible":true,"active":false,"userDisabled":false,"appDisabled":false,"installDate":1533670699513,"updateDate":1533670699513,"applyBackgroundUpdates":1,"bootstrap":true,"path":"D:\\Program Files (x86)\\Mozilla Firefox\\browser\\features\\formautofill@mozilla.org.xpi","skinnable":false,"size":465038,"sourceURI":null,"releaseNotesURI":null,"softDisabled":false,"foreignInstall":false,"strictCompatibility":false,"locales":[],"targetApplications":[{"id":"{ec8030f7-c20a-464f-9b0e-13a3a9e97384}","minVersion":"61.0.2","maxVersion":"61.*"}],"targetPlatforms":[],"seen":true,"dependencies":[],"hasEmbeddedWebExtension":false,"userPermissions":null,"icons":{},"iconURL":null,"icon64URL":null,"blocklistState":0,"blocklistURL":null,"startupData":null}
1534006773338	addons.manager	DEBUG	Registering startup change 'installed' for onboarding@mozilla.org
1534006773338	addons.xpi	DEBUG	Loading bootstrap scope from D:\Program Files (x86)\Mozilla Firefox\browser\features\onboarding@mozilla.org.xpi
1534006773340	addons.xpi	DEBUG	Calling bootstrap method install on onboarding@mozilla.org version 1.0
1534006773341	addons.xpi-utils	DEBUG	Make addon app-system-defaults:onboarding@mozilla.org visible
1534006773341	addons.xpi	DEBUG	Updating XPIState for {"id":"onboarding@mozilla.org","syncGUID":"{c8a101fa-acc6-4225-963b-6b74085f5b64}","location":"app-system-defaults","version":"1.0","type":"extension","updateURL":null,"optionsURL":null,"optionsType":null,"aboutURL":null,"defaultLocale":{"name":"Photon onboarding","description":"Photon onboarding","creator":null,"homepageURL":null},"visible":true,"active":false,"userDisabled":false,"appDisabled":false,"installDate":1533670699518,"updateDate":1533670699518,"applyBackgroundUpdates":1,"bootstrap":true,"path":"D:\\Program Files (x86)\\Mozilla Firefox\\browser\\features\\onboarding@mozilla.org.xpi","skinnable":false,"size":564185,"sourceURI":null,"releaseNotesURI":null,"softDisabled":false,"foreignInstall":false,"strictCompatibility":false,"locales":[],"targetApplications":[{"id":"{ec8030f7-c20a-464f-9b0e-13a3a9e97384}","minVersion":"61.0.2","maxVersion":"61.*"}],"targetPlatforms":[],"seen":true,"dependencies":[],"hasEmbeddedWebExtension":false,"userPermissions":null,"icons":{},"iconURL":null,"icon64URL":null,"blocklistState":0,"blocklistURL":null,"startupData":null}
1534006773341	addons.manager	DEBUG	Registering startup change 'installed' for screenshots@mozilla.org
1534006773341	addons.xpi	DEBUG	Loading bootstrap scope from D:\Program Files (x86)\Mozilla Firefox\browser\features\screenshots@mozilla.org.xpi
1534006773344	addons.xpi	DEBUG	Calling bootstrap method install on screenshots@mozilla.org version 32.1.0
1534006773344	addons.xpi-utils	DEBUG	Make addon app-system-defaults:screenshots@mozilla.org visible
1534006773344	addons.xpi	DEBUG	Updating XPIState for {"id":"screenshots@mozilla.org","syncGUID":"{1ba247eb-70bc-4015-901d-78a894970030}","location":"app-system-defaults","version":"32.1.0","type":"extension","updateURL":null,"optionsURL":null,"optionsType":null,"aboutURL":null,"defaultLocale":{"name":"Firefox Screenshots","description":null,"creator":null,"homepageURL":"https://screenshots.firefox.com/"},"visible":true,"active":false,"userDisabled":false,"appDisabled":false,"installDate":1533670699523,"updateDate":1533670699523,"applyBackgroundUpdates":1,"bootstrap":true,"path":"D:\\Program Files (x86)\\Mozilla Firefox\\browser\\features\\screenshots@mozilla.org.xpi","skinnable":false,"size":1002421,"sourceURI":null,"releaseNotesURI":null,"softDisabled":false,"foreignInstall":false,"strictCompatibility":false,"locales":[],"targetApplications":[{"id":"{ec8030f7-c20a-464f-9b0e-13a3a9e97384}","minVersion":"57.0a1","maxVersion":"*"}],"targetPlatforms":[],"seen":true,"dependencies":[],"hasEmbeddedWebExtension":false,"userPermissions":null,"icons":{},"iconURL":null,"icon64URL":null,"blocklistState":0,"blocklistURL":null,"startupData":null}
1534006773344	addons.manager	DEBUG	Registering startup change 'installed' for webcompat-reporter@mozilla.org
1534006773344	addons.xpi	DEBUG	Loading bootstrap scope from D:\Program Files (x86)\Mozilla Firefox\browser\features\webcompat-reporter@mozilla.org.xpi
1534006773346	addons.xpi	DEBUG	Calling bootstrap method install on webcompat-reporter@mozilla.org version 1.0.0
1534006773346	addons.xpi-utils	DEBUG	Make addon app-system-defaults:webcompat-reporter@mozilla.org visible
1534006773346	addons.xpi	DEBUG	Updating XPIState for {"id":"webcompat-reporter@mozilla.org","syncGUID":"{302462bc-36ef-4210-b3e2-08d3f7b3a1d6}","location":"app-system-defaults","version":"1.0.0","type":"extension","updateURL":null,"optionsURL":null,"optionsType":null,"aboutURL":null,"defaultLocale":{"name":"WebCompat Reporter","description":"Report site compatibility issues on webcompat.com.","creator":null,"homepageURL":null},"visible":true,"active":false,"userDisabled":false,"appDisabled":false,"installDate":1533670699524,"updateDate":1533670699524,"applyBackgroundUpdates":1,"bootstrap":true,"path":"D:\\Program Files (x86)\\Mozilla Firefox\\browser\\features\\webcompat-reporter@mozilla.org.xpi","skinnable":false,"size":12706,"sourceURI":null,"releaseNotesURI":null,"softDisabled":false,"foreignInstall":false,"strictCompatibility":false,"locales":[],"targetApplications":[{"id":"{ec8030f7-c20a-464f-9b0e-13a3a9e97384}","minVersion":"61.0.2","maxVersion":"61.*"}],"targetPlatforms":[],"seen":true,"dependencies":[],"hasEmbeddedWebExtension":false,"userPermissions":null,"icons":{},"iconURL":null,"icon64URL":null,"blocklistState":0,"blocklistURL":null,"startupData":null}
1534006773346	addons.manager	DEBUG	Registering startup change 'installed' for webcompat@mozilla.org
1534006773346	addons.xpi	DEBUG	Loading bootstrap scope from D:\Program Files (x86)\Mozilla Firefox\browser\features\webcompat@mozilla.org.xpi
1534006773348	addons.xpi	DEBUG	Calling bootstrap method install on webcompat@mozilla.org version 2.0
1534006773348	addons.xpi-utils	DEBUG	Make addon app-system-defaults:webcompat@mozilla.org visible
1534006773348	addons.xpi	DEBUG	Updating XPIState for {"id":"webcompat@mozilla.org","syncGUID":"{6df9faf3-2f5d-4905-80f6-1482b8d5fb95}","location":"app-system-defaults","version":"2.0","type":"extension","updateURL":null,"optionsURL":null,"optionsType":null,"aboutURL":null,"defaultLocale":{"name":"Web Compat","description":"Urgent post-release fixes for web compatibility.","creator":null,"homepageURL":null},"visible":true,"active":false,"userDisabled":false,"appDisabled":false,"installDate":1533670699524,"updateDate":1533670699524,"applyBackgroundUpdates":1,"bootstrap":true,"path":"D:\\Program Files (x86)\\Mozilla Firefox\\browser\\features\\webcompat@mozilla.org.xpi","skinnable":false,"size":13138,"sourceURI":null,"releaseNotesURI":null,"softDisabled":false,"foreignInstall":false,"strictCompatibility":false,"locales":[],"targetApplications":[{"id":"{ec8030f7-c20a-464f-9b0e-13a3a9e97384}","minVersion":"61.0.2","maxVersion":"61.*"},{"id":"{aa3c5121-dab2-40e2-81ca-7ea25febc110}","minVersion":"61.0.2","maxVersion":"61.*"}],"targetPlatforms":[],"seen":true,"dependencies":[],"hasEmbeddedWebExtension":true,"userPermissions":null,"icons":{},"iconURL":null,"icon64URL":null,"blocklistState":0,"blocklistURL":null,"startupData":null}
1534006773348	addons.xpi	DEBUG	Updating XPIState for {"id":"activity-stream@mozilla.org","syncGUID":"{f817f18c-5d29-4210-9504-acd12584534e}","location":"app-system-defaults","version":"2018.06.29.1026-fa231556","type":"extension","updateURL":null,"optionsURL":null,"optionsType":null,"aboutURL":null,"defaultLocale":{"name":"Activity Stream","description":"A rich visual history feed and a reimagined home page make it easier than ever to find exactly what you're looking for in Firefox.","creator":null,"homepageURL":null},"visible":true,"active":true,"userDisabled":false,"appDisabled":false,"installDate":1533670699507,"updateDate":1533670699507,"applyBackgroundUpdates":1,"bootstrap":true,"path":"D:\\Program Files (x86)\\Mozilla Firefox\\browser\\features\\activity-stream@mozilla.org.xpi","skinnable":false,"size":2732420,"sourceURI":null,"releaseNotesURI":null,"softDisabled":false,"foreignInstall":false,"strictCompatibility":false,"locales":[],"targetApplications":[{"id":"{ec8030f7-c20a-464f-9b0e-13a3a9e97384}","minVersion":"61.0.2","maxVersion":"61.*"}],"targetPlatforms":[],"seen":true,"dependencies":[],"hasEmbeddedWebExtension":false,"userPermissions":null,"icons":{},"iconURL":null,"icon64URL":null,"blocklistState":0,"blocklistURL":null,"startupData":null}
1534006773348	addons.xpi	DEBUG	Updating XPIState for {"id":"aushelper@mozilla.org","syncGUID":"{6e32dcee-2129-495a-911f-2e673bdcdcb3}","location":"app-system-defaults","version":"2.0","type":"extension","updateURL":null,"optionsURL":null,"optionsType":null,"aboutURL":null,"defaultLocale":{"name":"Application Update Service Helper","description":"Sets value(s) in the update url based on custom checks.","creator":null,"homepageURL":null},"visible":true,"active":true,"userDisabled":false,"appDisabled":false,"installDate":1533670699508,"updateDate":1533670699508,"applyBackgroundUpdates":1,"bootstrap":true,"path":"D:\\Program Files (x86)\\Mozilla Firefox\\browser\\features\\aushelper@mozilla.org.xpi","skinnable":false,"size":8425,"sourceURI":null,"releaseNotesURI":null,"softDisabled":false,"foreignInstall":false,"strictCompatibility":false,"locales":[],"targetApplications":[{"id":"{ec8030f7-c20a-464f-9b0e-13a3a9e97384}","minVersion":"61.0.2","maxVersion":"61.*"}],"targetPlatforms":[],"seen":true,"dependencies":[],"hasEmbeddedWebExtension":false,"userPermissions":null,"icons":{},"iconURL":null,"icon64URL":null,"blocklistState":0,"blocklistURL":null,"startupData":null}
1534006773349	addons.xpi	DEBUG	Updating XPIState for {"id":"firefox@getpocket.com","syncGUID":"{f6d3047d-667c-494d-8bcf-caeef3f2233a}","location":"app-system-defaults","version":"1.0.5","type":"extension","updateURL":null,"optionsURL":null,"optionsType":null,"aboutURL":null,"defaultLocale":{"name":"Pocket","description":"When you find something you want to view later, put it in Pocket.","creator":null,"homepageURL":null},"visible":true,"active":true,"userDisabled":false,"appDisabled":false,"installDate":1533670699511,"updateDate":1533670699511,"applyBackgroundUpdates":1,"bootstrap":true,"path":"D:\\Program Files (x86)\\Mozilla Firefox\\browser\\features\\firefox@getpocket.com.xpi","skinnable":false,"size":855890,"sourceURI":null,"releaseNotesURI":null,"softDisabled":false,"foreignInstall":false,"strictCompatibility":false,"locales":[],"targetApplications":[{"id":"{ec8030f7-c20a-464f-9b0e-13a3a9e97384}","minVersion":"61.0.2","maxVersion":"61.*"}],"targetPlatforms":[],"seen":true,"dependencies":[],"hasEmbeddedWebExtension":false,"userPermissions":null,"icons":{},"iconURL":null,"icon64URL":null,"blocklistState":0,"blocklistURL":null,"startupData":null}
1534006773349	addons.xpi	DEBUG	Updating XPIState for {"id":"formautofill@mozilla.org","syncGUID":"{bc806137-cfb8-452d-8fb8-c2f12ac3ef99}","location":"app-system-defaults","version":"1.0","type":"extension","updateURL":null,"optionsURL":null,"optionsType":null,"aboutURL":null,"defaultLocale":{"name":"Form Autofill","description":"Autofill forms with saved profiles","creator":null,"homepageURL":null},"visible":true,"active":true,"userDisabled":false,"appDisabled":false,"installDate":1533670699513,"updateDate":1533670699513,"applyBackgroundUpdates":1,"bootstrap":true,"path":"D:\\Program Files (x86)\\Mozilla Firefox\\browser\\features\\formautofill@mozilla.org.xpi","skinnable":false,"size":465038,"sourceURI":null,"releaseNotesURI":null,"softDisabled":false,"foreignInstall":false,"strictCompatibility":false,"locales":[],"targetApplications":[{"id":"{ec8030f7-c20a-464f-9b0e-13a3a9e97384}","minVersion":"61.0.2","maxVersion":"61.*"}],"targetPlatforms":[],"seen":true,"dependencies":[],"hasEmbeddedWebExtension":false,"userPermissions":null,"icons":{},"iconURL":null,"icon64URL":null,"blocklistState":0,"blocklistURL":null,"startupData":null}
1534006773349	addons.xpi	DEBUG	Updating XPIState for {"id":"onboarding@mozilla.org","syncGUID":"{c8a101fa-acc6-4225-963b-6b74085f5b64}","location":"app-system-defaults","version":"1.0","type":"extension","updateURL":null,"optionsURL":null,"optionsType":null,"aboutURL":null,"defaultLocale":{"name":"Photon onboarding","description":"Photon onboarding","creator":null,"homepageURL":null},"visible":true,"active":true,"userDisabled":false,"appDisabled":false,"installDate":1533670699518,"updateDate":1533670699518,"applyBackgroundUpdates":1,"bootstrap":true,"path":"D:\\Program Files (x86)\\Mozilla Firefox\\browser\\features\\onboarding@mozilla.org.xpi","skinnable":false,"size":564185,"sourceURI":null,"releaseNotesURI":null,"softDisabled":false,"foreignInstall":false,"strictCompatibility":false,"locales":[],"targetApplications":[{"id":"{ec8030f7-c20a-464f-9b0e-13a3a9e97384}","minVersion":"61.0.2","maxVersion":"61.*"}],"targetPlatforms":[],"seen":true,"dependencies":[],"hasEmbeddedWebExtension":false,"userPermissions":null,"icons":{},"iconURL":null,"icon64URL":null,"blocklistState":0,"blocklistURL":null,"startupData":null}
1534006773349	addons.xpi	DEBUG	Updating XPIState for {"id":"screenshots@mozilla.org","syncGUID":"{1ba247eb-70bc-4015-901d-78a894970030}","location":"app-system-defaults","version":"32.1.0","type":"extension","updateURL":null,"optionsURL":null,"optionsType":null,"aboutURL":null,"defaultLocale":{"name":"Firefox Screenshots","description":null,"creator":null,"homepageURL":"https://screenshots.firefox.com/"},"visible":true,"active":true,"userDisabled":false,"appDisabled":false,"installDate":1533670699523,"updateDate":1533670699523,"applyBackgroundUpdates":1,"bootstrap":true,"path":"D:\\Program Files (x86)\\Mozilla Firefox\\browser\\features\\screenshots@mozilla.org.xpi","skinnable":false,"size":1002421,"sourceURI":null,"releaseNotesURI":null,"softDisabled":false,"foreignInstall":false,"strictCompatibility":false,"locales":[],"targetApplications":[{"id":"{ec8030f7-c20a-464f-9b0e-13a3a9e97384}","minVersion":"57.0a1","maxVersion":"*"}],"targetPlatforms":[],"seen":true,"dependencies":[],"hasEmbeddedWebExtension":false,"userPermissions":null,"icons":{},"iconURL":null,"icon64URL":null,"blocklistState":0,"blocklistURL":null,"startupData":null}
1534006773349	addons.xpi	DEBUG	Updating XPIState for {"id":"webcompat-reporter@mozilla.org","syncGUID":"{302462bc-36ef-4210-b3e2-08d3f7b3a1d6}","location":"app-system-defaults","version":"1.0.0","type":"extension","updateURL":null,"optionsURL":null,"optionsType":null,"aboutURL":null,"defaultLocale":{"name":"WebCompat Reporter","description":"Report site compatibility issues on webcompat.com.","creator":null,"homepageURL":null},"visible":true,"active":true,"userDisabled":false,"appDisabled":false,"installDate":1533670699524,"updateDate":1533670699524,"applyBackgroundUpdates":1,"bootstrap":true,"path":"D:\\Program Files (x86)\\Mozilla Firefox\\browser\\features\\webcompat-reporter@mozilla.org.xpi","skinnable":false,"size":12706,"sourceURI":null,"releaseNotesURI":null,"softDisabled":false,"foreignInstall":false,"strictCompatibility":false,"locales":[],"targetApplications":[{"id":"{ec8030f7-c20a-464f-9b0e-13a3a9e97384}","minVersion":"61.0.2","maxVersion":"61.*"}],"targetPlatforms":[],"seen":true,"dependencies":[],"hasEmbeddedWebExtension":false,"userPermissions":null,"icons":{},"iconURL":null,"icon64URL":null,"blocklistState":0,"blocklistURL":null,"startupData":null}
1534006773349	addons.xpi	DEBUG	Updating XPIState for {"id":"webcompat@mozilla.org","syncGUID":"{6df9faf3-2f5d-4905-80f6-1482b8d5fb95}","location":"app-system-defaults","version":"2.0","type":"extension","updateURL":null,"optionsURL":null,"optionsType":null,"aboutURL":null,"defaultLocale":{"name":"Web Compat","description":"Urgent post-release fixes for web compatibility.","creator":null,"homepageURL":null},"visible":true,"active":true,"userDisabled":false,"appDisabled":false,"installDate":1533670699524,"updateDate":1533670699524,"applyBackgroundUpdates":1,"bootstrap":true,"path":"D:\\Program Files (x86)\\Mozilla Firefox\\browser\\features\\webcompat@mozilla.org.xpi","skinnable":false,"size":13138,"sourceURI":null,"releaseNotesURI":null,"softDisabled":false,"foreignInstall":false,"strictCompatibility":false,"locales":[],"targetApplications":[{"id":"{ec8030f7-c20a-464f-9b0e-13a3a9e97384}","minVersion":"61.0.2","maxVersion":"61.*"},{"id":"{aa3c5121-dab2-40e2-81ca-7ea25febc110}","minVersion":"61.0.2","maxVersion":"61.*"}],"targetPlatforms":[],"seen":true,"dependencies":[],"hasEmbeddedWebExtension":true,"userPermissions":null,"icons":{},"iconURL":null,"icon64URL":null,"blocklistState":0,"blocklistURL":null,"startupData":null}
1534006773350	addons.xpi	DEBUG	Updating database with changes to installed add-ons
1534006773350	addons.xpi-utils	DEBUG	Updating add-on states
1534006773355	addons.xpi	DEBUG	Registering manifest for D:\Program Files (x86)\Mozilla Firefox\browser\features\activity-stream@mozilla.org.xpi
1534006773356	addons.xpi	DEBUG	Calling bootstrap method startup on activity-stream@mozilla.org version 2018.06.29.1026-fa231556
1534006773357	addons.xpi	DEBUG	Registering manifest for D:\Program Files (x86)\Mozilla Firefox\browser\features\aushelper@mozilla.org.xpi
1534006773357	addons.xpi	DEBUG	Calling bootstrap method startup on aushelper@mozilla.org version 2.0
1534006773359	addons.xpi	DEBUG	Registering manifest for D:\Program Files (x86)\Mozilla Firefox\browser\features\firefox@getpocket.com.xpi
1534006773359	addons.xpi	DEBUG	Calling bootstrap method startup on firefox@getpocket.com version 1.0.5
1534006773368	addons.xpi	DEBUG	Registering manifest for D:\Program Files (x86)\Mozilla Firefox\browser\features\formautofill@mozilla.org.xpi
1534006773368	addons.xpi	DEBUG	Calling bootstrap method startup on formautofill@mozilla.org version 1.0
1534006773369	addons.xpi	DEBUG	Registering manifest for D:\Program Files (x86)\Mozilla Firefox\browser\features\onboarding@mozilla.org.xpi
1534006773369	addons.xpi	DEBUG	Calling bootstrap method startup on onboarding@mozilla.org version 1.0
1534006773369	addons.xpi	DEBUG	Registering manifest for D:\Program Files (x86)\Mozilla Firefox\browser\features\screenshots@mozilla.org.xpi
1534006773370	addons.xpi	DEBUG	Calling bootstrap method startup on screenshots@mozilla.org version 32.1.0
1534006773370	addons.xpi	DEBUG	Registering manifest for D:\Program Files (x86)\Mozilla Firefox\browser\features\webcompat-reporter@mozilla.org.xpi
1534006773370	addons.xpi	DEBUG	Calling bootstrap method startup on webcompat-reporter@mozilla.org version 1.0.0
1534006773371	addons.xpi	DEBUG	Registering manifest for D:\Program Files (x86)\Mozilla Firefox\browser\features\webcompat@mozilla.org.xpi
1534006773372	addons.xpi	DEBUG	Calling bootstrap method startup on webcompat@mozilla.org version 2.0
1534006773374	addons.manager	DEBUG	Registering shutdown blocker for XPIProvider
1534006773374	addons.manager	DEBUG	Provider finished startup: XPIProvider
1534006773374	addons.manager	DEBUG	Starting provider: LightweightThemeManager
1534006773374	addons.manager	DEBUG	Registering shutdown blocker for LightweightThemeManager
1534006773374	addons.manager	DEBUG	Provider finished startup: LightweightThemeManager
1534006773375	addons.manager	DEBUG	Starting provider: GMPProvider
1534006773381	addons.manager	DEBUG	Registering shutdown blocker for GMPProvider
1534006773381	addons.manager	DEBUG	Provider finished startup: GMPProvider
1534006773381	addons.manager	DEBUG	Starting provider: PluginProvider
1534006773382	addons.manager	DEBUG	Registering shutdown blocker for PluginProvider
1534006773382	addons.manager	DEBUG	Provider finished startup: PluginProvider
1534006773383	addons.manager	DEBUG	Completed startup sequence
1534006774591	addons.repository	DEBUG	No addons.json found.
1534006776091	addons.xpi	DEBUG	Existing add-on activity-stream@mozilla.org in app-system-defaults
1534006776091	addons.xpi	DEBUG	Existing add-on aushelper@mozilla.org in app-system-defaults
1534006776092	addons.xpi	DEBUG	Existing add-on firefox@getpocket.com in app-system-defaults
1534006776092	addons.xpi	DEBUG	Existing add-on formautofill@mozilla.org in app-system-defaults
1534006776092	addons.xpi	DEBUG	Existing add-on onboarding@mozilla.org in app-system-defaults
1534006776092	addons.xpi	DEBUG	Existing add-on screenshots@mozilla.org in app-system-defaults
1534006776093	addons.xpi	DEBUG	Existing add-on webcompat-reporter@mozilla.org in app-system-defaults
1534006776093	addons.xpi	DEBUG	Existing add-on webcompat@mozilla.org in app-system-defaults
1534006776093	addons.xpi	DEBUG	getInstallState changed: false, state: {}
1534006776215	Marionette	INFO	Listening on port 59054
1534006776229	Marionette	WARN	TLS certificate errors will be ignored for this session
Unable to read VR Path Registry from C:\Users\Administrator\AppData\Local\openvr\openvrpaths.vrpath
JavaScript error: https://ss1.bdstatic.com/5eN1bjq8AAUYm2zgoY3K/r/www/cache/static/protocol/https/plugins/every_cookie_4644b13.js, line 4: ReferenceError: c is not defined
1534006784691	addons.xpi	DEBUG	Calling bootstrap method shutdown on webcompat@mozilla.org version 2.0
1534006784692	addons.xpi	DEBUG	Calling bootstrap method shutdown on webcompat-reporter@mozilla.org version 1.0.0
1534006784692	addons.xpi	DEBUG	Calling bootstrap method shutdown on screenshots@mozilla.org version 32.1.0
1534006784697	addons.xpi	DEBUG	Calling bootstrap method shutdown on onboarding@mozilla.org version 1.0
1534006784698	addons.xpi	DEBUG	Calling bootstrap method shutdown on formautofill@mozilla.org version 1.0
1534006784698	addons.xpi	DEBUG	Calling bootstrap method shutdown on firefox@getpocket.com version 1.0.5
1534006784699	addons.xpi	DEBUG	Calling bootstrap method shutdown on aushelper@mozilla.org version 2.0
1534006784699	addons.xpi	DEBUG	Calling bootstrap method shutdown on activity-stream@mozilla.org version 2018.06.29.1026-fa231556
Unable to read VR Path Registry from C:\Users\Administrator\AppData\Local\openvr\openvrpaths.vrpath
[Child 6540, Chrome_ChildThread] WARNING: pipe error: 109: file z:/build/build/src/ipc/chromium/src/chrome/common/ipc_channel_win.cc, line 346
[Child 6540, Chrome_ChildThread] WARNING: pipe error: 109: file z:/build/build/src/ipc/chromium/src/chrome/common/ipc_channel_win.cc, line 346
[Child 5112, Chrome_ChildThread] WARNING: pipe error: 109: file z:/build/build/src/ipc/chromium/src/chrome/common/ipc_channel_win.cc, line 346
1534006784822	addons.manager	DEBUG	shutdown
1534006784822	addons.manager	DEBUG	Calling shutdown blocker for XPIProvider
1534006784823	addons.xpi	DEBUG	shutdown
1534006784823	addons.xpi-utils	DEBUG	shutdown
1534006784823	addons.manager	DEBUG	Calling shutdown blocker for LightweightThemeManager
1534006784823	addons.manager	DEBUG	Calling shutdown blocker for GMPProvider
1534006784824	addons.manager	DEBUG	Calling shutdown blocker for PluginProvider
1534006784829	addons.manager	DEBUG	Async provider shutdown done
*** UTM:SVC TimerManager:registerTimer called after profile-before-change notification. Ignoring timer registration for id: telemetry_modules_ping

###!!! [Child][MessageChannel::SendAndWait] Error: Channel error: cannot send/recv

Unable to read VR Path Registry from C:\Users\Administrator\AppData\Local\openvr\openvrpaths.vrpath
